2014-02-09 15:17:56.160 CTA[8559:a0b] Multi-tasking -> Device: YES, App: YES
2014-02-09 15:17:56.167 CTA[8559:a0b] Unlimited access to network resources
2014-02-09 15:17:56.271 CTA[8559:a0b] Resetting plugins due to page load.
2014-02-09 15:17:56.397 CTA[8559:a0b] Finished load of: file:///Users/aborche/Library/Application%20Support/iPhone%20Simulator/7.0.3/Applications/49DE4184-9BEA-40B6-B881-CDF10EFA0896/CTA.app/www/index.html
2014-02-09 16:01:25.330 CTA[10117:a0b] Multi-tasking -> Device: YES, App: YES
2014-02-09 16:01:25.343 CTA[10117:a0b] Unlimited access to network resources
2014-02-09 16:01:25.542 CTA[10117:a0b] Resetting plugins due to page load.
2014-02-09 16:01:26.279 CTA[10117:a0b] Finished load of: file:///Users/aborche/Library/Application%20Support/iPhone%20Simulator/7.0.3/Applications/49DE4184-9BEA-40B6-B881-CDF10EFA0896/CTA.app/www/index.html
2014-02-09 16:45:54.169 CTA[11541:a0b] Multi-tasking -> Device: YES, App: YES
2014-02-09 16:45:54.176 CTA[11541:a0b] Unlimited access to network resources
2014-02-09 16:45:54.549 CTA[11541:a0b] Resetting plugins due to page load.
2014-02-09 16:45:55.516 CTA[11541:a0b] Finished load of: file:///Users/aborche/Library/Application%20Support/iPhone%20Simulator/7.0.3/Applications/49DE4184-9BEA-40B6-B881-CDF10EFA0896/CTA.app/www/index.html
2014-02-09 19:25:49.724 CTA[5887:a0b] Multi-tasking -> Device: YES, App: YES
2014-02-09 19:25:50.008 CTA[5887:a0b] Unlimited access to network resources
2014-02-09 19:25:51.254 CTA[5887:a0b] Resetting plugins due to page load.
2014-02-09 19:25:51.637 CTA[5887:a0b] Finished load of: file:///Users/aborche/Library/Application%20Support/iPhone%20Simulator/7.0.3/Applications/ED688E81-664F-402B-871F-2C4EDE639C97/CTA.app/www/index.html#/
2014-02-09 19:58:55.908 CTA[7351:a0b] Multi-tasking -> Device: YES, App: YES
2014-02-09 19:58:55.916 CTA[7351:a0b] Unlimited access to network resources
2014-02-09 19:58:56.027 CTA[7351:a0b] Resetting plugins due to page load.
2014-02-09 19:58:56.144 CTA[7351:a0b] Finished load of: file:///Users/aborche/Library/Application%20Support/iPhone%20Simulator/7.0.3/Applications/ED688E81-664F-402B-871F-2C4EDE639C97/CTA.app/www/index.html#/
2014-02-09 20:01:54.052 CTA[9718:a0b] Multi-tasking -> Device: YES, App: YES
2014-02-09 20:01:54.059 CTA[9718:a0b] Unlimited access to network resources
2014-02-09 20:01:54.162 CTA[9718:a0b] Resetting plugins due to page load.
2014-02-09 20:01:54.293 CTA[9718:a0b] Finished load of: file:///Users/aborche/Library/Application%20Support/iPhone%20Simulator/7.0.3/Applications/ED688E81-664F-402B-871F-2C4EDE639C97/CTA.app/www/index.html#/
2014-02-09 20:04:17.364 CTA[11519:a0b] Multi-tasking -> Device: YES, App: YES
2014-02-09 20:04:17.370 CTA[11519:a0b] Unlimited access to network resources
2014-02-09 20:04:17.488 CTA[11519:a0b] Resetting plugins due to page load.
2014-02-09 20:04:17.609 CTA[11519:a0b] Finished load of: file:///Users/aborche/Library/Application%20Support/iPhone%20Simulator/7.0.3/Applications/ED688E81-664F-402B-871F-2C4EDE639C97/CTA.app/www/index.html#/
2014-02-09 20:06:50.081 CTA[13316:a0b] Multi-tasking -> Device: YES, App: YES
2014-02-09 20:06:50.087 CTA[13316:a0b] Unlimited access to network resources
2014-02-09 20:06:50.189 CTA[13316:a0b] Resetting plugins due to page load.
2014-02-09 20:06:50.305 CTA[13316:a0b] Finished load of: file:///Users/aborche/Library/Application%20Support/iPhone%20Simulator/7.0.3/Applications/ED688E81-664F-402B-871F-2C4EDE639C97/CTA.app/www/index.html#/
2014-02-09 20:15:16.916 CTA[15221:a0b] Multi-tasking -> Device: YES, App: YES
2014-02-09 20:15:16.927 CTA[15221:a0b] Unlimited access to network resources
2014-02-09 20:15:17.018 CTA[15221:a0b] Resetting plugins due to page load.
2014-02-09 20:15:20.847 CTA[15221:a0b] Finished load of: file:///Users/aborche/Library/Application%20Support/iPhone%20Simulator/7.0.3/Applications/ED688E81-664F-402B-871F-2C4EDE639C97/CTA.app/www/index.html#/
2014-02-09 20:18:33.257 CTA[17016:a0b] Multi-tasking -> Device: YES, App: YES
2014-02-09 20:18:33.263 CTA[17016:a0b] Unlimited access to network resources
2014-02-09 20:18:33.364 CTA[17016:a0b] Resetting plugins due to page load.
2014-02-09 20:18:33.488 CTA[17016:a0b] Finished load of: file:///Users/aborche/Library/Application%20Support/iPhone%20Simulator/7.0.3/Applications/ED688E81-664F-402B-871F-2C4EDE639C97/CTA.app/www/index.html#/
2014-02-09 20:27:55.270 CTA[19002:a0b] Multi-tasking -> Device: YES, App: YES
2014-02-09 20:27:55.276 CTA[19002:a0b] Unlimited access to network resources
2014-02-09 20:27:55.387 CTA[19002:a0b] Resetting plugins due to page load.
2014-02-09 20:27:55.508 CTA[19002:a0b] Finished load of: file:///Users/aborche/Library/Application%20Support/iPhone%20Simulator/7.0.3/Applications/ED688E81-664F-402B-871F-2C4EDE639C97/CTA.app/www/index.html#/
2014-02-09 20:31:12.100 CTA[20276:a0b] Multi-tasking -> Device: YES, App: YES
2014-02-09 20:31:12.106 CTA[20276:a0b] Unlimited access to network resources
2014-02-09 20:31:12.201 CTA[20276:a0b] Resetting plugins due to page load.
2014-02-09 20:31:12.315 CTA[20276:a0b] Finished load of: file:///Users/aborche/Library/Application%20Support/iPhone%20Simulator/7.0.3/Applications/ED688E81-664F-402B-871F-2C4EDE639C97/CTA.app/www/index.html#/
2014-02-09 20:33:40.089 CTA[21526:a0b] Multi-tasking -> Device: YES, App: YES
2014-02-09 20:33:40.098 CTA[21526:a0b] Unlimited access to network resources
2014-02-09 20:33:40.199 CTA[21526:a0b] Resetting plugins due to page load.
2014-02-09 20:33:40.317 CTA[21526:a0b] Finished load of: file:///Users/aborche/Library/Application%20Support/iPhone%20Simulator/7.0.3/Applications/ED688E81-664F-402B-871F-2C4EDE639C97/CTA.app/www/index.html#/
2014-02-09 20:41:23.081 CTA[23363:a0b] Multi-tasking -> Device: YES, App: YES
2014-02-09 20:41:23.088 CTA[23363:a0b] Unlimited access to network resources
2014-02-09 20:41:23.186 CTA[23363:a0b] Resetting plugins due to page load.
2014-02-09 20:41:23.305 CTA[23363:a0b] Finished load of: file:///Users/aborche/Library/Application%20Support/iPhone%20Simulator/7.0.3/Applications/ED688E81-664F-402B-871F-2C4EDE639C97/CTA.app/www/index.html#/
2014-02-09 20:46:32.291 CTA[25240:a0b] Multi-tasking -> Device: YES, App: YES
2014-02-09 20:46:32.297 CTA[25240:a0b] Unlimited access to network resources
2014-02-09 20:46:32.396 CTA[25240:a0b] Resetting plugins due to page load.
2014-02-09 20:46:32.509 CTA[25240:a0b] Finished load of: file:///Users/aborche/Library/Application%20Support/iPhone%20Simulator/7.0.3/Applications/ED688E81-664F-402B-871F-2C4EDE639C97/CTA.app/www/index.html#/
2014-02-09 20:50:18.136 CTA[26464:a0b] Multi-tasking -> Device: YES, App: YES
2014-02-09 20:50:18.144 CTA[26464:a0b] Unlimited access to network resources
2014-02-09 20:50:18.260 CTA[26464:a0b] Resetting plugins due to page load.
2014-02-09 20:50:18.377 CTA[26464:a0b] Finished load of: file:///Users/aborche/Library/Application%20Support/iPhone%20Simulator/7.0.3/Applications/ED688E81-664F-402B-871F-2C4EDE639C97/CTA.app/www/index.html#/
2014-02-09 20:50:47.216 CTA[26464:4203] void SendDelegateMessage(NSInvocation *): delegate (webView:runJavaScriptAlertPanelWithMessage:initiatedByFrame:) failed to return after waiting 10 seconds. main run loop mode: kCFRunLoopDefaultMode
2014-02-09 20:51:49.741 CTA[27643:a0b] Multi-tasking -> Device: YES, App: YES
2014-02-09 20:51:49.749 CTA[27643:a0b] Unlimited access to network resources
2014-02-09 20:51:49.866 CTA[27643:a0b] Resetting plugins due to page load.
2014-02-09 20:51:49.990 CTA[27643:a0b] Finished load of: file:///Users/aborche/Library/Application%20Support/iPhone%20Simulator/7.0.3/Applications/ED688E81-664F-402B-871F-2C4EDE639C97/CTA.app/www/index.html#/
2014-02-09 20:59:29.272 CTA[29875:a0b] Multi-tasking -> Device: YES, App: YES
2014-02-09 20:59:29.278 CTA[29875:a0b] Unlimited access to network resources
2014-02-09 20:59:29.363 CTA[29875:a0b] Resetting plugins due to page load.
2014-02-09 20:59:29.474 CTA[29875:a0b] Finished load of: file:///Users/aborche/Library/Application%20Support/iPhone%20Simulator/7.0.3/Applications/ED688E81-664F-402B-871F-2C4EDE639C97/CTA.app/www/index.html#/
2014-02-09 21:02:04.312 CTA[31130:a0b] Multi-tasking -> Device: YES, App: YES
2014-02-09 21:02:04.319 CTA[31130:a0b] Unlimited access to network resources
2014-02-09 21:02:04.424 CTA[31130:a0b] Resetting plugins due to page load.
2014-02-09 21:02:04.546 CTA[31130:a0b] Finished load of: file:///Users/aborche/Library/Application%20Support/iPhone%20Simulator/7.0.3/Applications/ED688E81-664F-402B-871F-2C4EDE639C97/CTA.app/www/index.html#/
2014-02-09 21:04:41.947 CTA[32388:a0b] Multi-tasking -> Device: YES, App: YES
2014-02-09 21:04:41.953 CTA[32388:a0b] Unlimited access to network resources
2014-02-09 21:04:42.059 CTA[32388:a0b] Resetting plugins due to page load.
2014-02-09 21:04:42.202 CTA[32388:a0b] Finished load of: file:///Users/aborche/Library/Application%20Support/iPhone%20Simulator/7.0.3/Applications/ED688E81-664F-402B-871F-2C4EDE639C97/CTA.app/www/index.html#/
2014-02-09 21:06:00.148 CTA[33028:a0b] Multi-tasking -> Device: YES, App: YES
2014-02-09 21:06:00.154 CTA[33028:a0b] Unlimited access to network resources
2014-02-09 21:06:00.243 CTA[33028:a0b] Resetting plugins due to page load.
2014-02-09 21:06:00.367 CTA[33028:a0b] Finished load of: file:///Users/aborche/Library/Application%20Support/iPhone%20Simulator/7.0.3/Applications/ED688E81-664F-402B-871F-2C4EDE639C97/CTA.app/www/index.html#/
2014-02-09 21:07:56.252 CTA[34274:a0b] Multi-tasking -> Device: YES, App: YES
2014-02-09 21:07:56.259 CTA[34274:a0b] Unlimited access to network resources
2014-02-09 21:07:56.377 CTA[34274:a0b] Resetting plugins due to page load.
2014-02-09 21:07:56.513 CTA[34274:a0b] Finished load of: file:///Users/aborche/Library/Application%20Support/iPhone%20Simulator/7.0.3/Applications/ED688E81-664F-402B-871F-2C4EDE639C97/CTA.app/www/index.html#/
2014-02-09 21:13:55.594 CTA[35641:a0b] Multi-tasking -> Device: YES, App: YES
2014-02-09 21:13:55.607 CTA[35641:a0b] Unlimited access to network resources
2014-02-09 21:13:55.736 CTA[35641:a0b] Resetting plugins due to page load.
2014-02-09 21:13:55.854 CTA[35641:a0b] Finished load of: file:///Users/aborche/Library/Application%20Support/iPhone%20Simulator/7.0.3/Applications/ED688E81-664F-402B-871F-2C4EDE639C97/CTA.app/www/index.html#/
2014-02-09 21:16:03.825 CTA[36905:a0b] Multi-tasking -> Device: YES, App: YES
2014-02-09 21:16:03.831 CTA[36905:a0b] Unlimited access to network resources
2014-02-09 21:16:03.923 CTA[36905:a0b] Resetting plugins due to page load.
2014-02-09 21:16:04.041 CTA[36905:a0b] Finished load of: file:///Users/aborche/Library/Application%20Support/iPhone%20Simulator/7.0.3/Applications/ED688E81-664F-402B-871F-2C4EDE639C97/CTA.app/www/index.html#/
2014-02-09 21:18:28.863 CTA[38175:a0b] Multi-tasking -> Device: YES, App: YES
2014-02-09 21:18:28.868 CTA[38175:a0b] Unlimited access to network resources
2014-02-09 21:18:28.958 CTA[38175:a0b] Resetting plugins due to page load.
2014-02-09 21:18:29.083 CTA[38175:a0b] Finished load of: file:///Users/aborche/Library/Application%20Support/iPhone%20Simulator/7.0.3/Applications/ED688E81-664F-402B-871F-2C4EDE639C97/CTA.app/www/index.html#/
2014-02-09 22:07:45.987 CTA[39818:a0b] Multi-tasking -> Device: YES, App: YES
2014-02-09 22:07:45.993 CTA[39818:a0b] Unlimited access to network resources
2014-02-09 22:07:46.098 CTA[39818:a0b] Resetting plugins due to page load.
2014-02-09 22:07:46.197 CTA[39818:a0b] Finished load of: file:///Users/aborche/Library/Application%20Support/iPhone%20Simulator/7.0.3/Applications/ED688E81-664F-402B-871F-2C4EDE639C97/CTA.app/www/index.html
2014-02-09 22:10:26.169 CTA[41095:a0b] Multi-tasking -> Device: YES, App: YES
2014-02-09 22:10:26.176 CTA[41095:a0b] Unlimited access to network resources
2014-02-09 22:10:26.272 CTA[41095:a0b] Resetting plugins due to page load.
2014-02-09 22:10:26.373 CTA[41095:a0b] Finished load of: file:///Users/aborche/Library/Application%20Support/iPhone%20Simulator/7.0.3/Applications/ED688E81-664F-402B-871F-2C4EDE639C97/CTA.app/www/index.html
2014-02-09 22:12:51.898 CTA[42382:a0b] Multi-tasking -> Device: YES, App: YES
2014-02-09 22:12:51.909 CTA[42382:a0b] Unlimited access to network resources
2014-02-09 22:12:52.015 CTA[42382:a0b] Resetting plugins due to page load.
2014-02-09 22:12:52.121 CTA[42382:a0b] Finished load of: file:///Users/aborche/Library/Application%20Support/iPhone%20Simulator/7.0.3/Applications/ED688E81-664F-402B-871F-2C4EDE639C97/CTA.app/www/index.html
2014-02-09 22:17:18.546 CTA[43718:a0b] Multi-tasking -> Device: YES, App: YES
2014-02-09 22:17:18.552 CTA[43718:a0b] Unlimited access to network resources
2014-02-09 22:17:18.639 CTA[43718:a0b] Resetting plugins due to page load.
2014-02-09 22:17:18.742 CTA[43718:a0b] Finished load of: file:///Users/aborche/Library/Application%20Support/iPhone%20Simulator/7.0.3/Applications/ED688E81-664F-402B-871F-2C4EDE639C97/CTA.app/www/index.html
2014-02-09 22:23:42.033 CTA[45028:a0b] Multi-tasking -> Device: YES, App: YES
2014-02-09 22:23:42.042 CTA[45028:a0b] Unlimited access to network resources
2014-02-09 22:23:42.145 CTA[45028:a0b] Resetting plugins due to page load.
2014-02-09 22:23:42.251 CTA[45028:a0b] Finished load of: file:///Users/aborche/Library/Application%20Support/iPhone%20Simulator/7.0.3/Applications/ED688E81-664F-402B-871F-2C4EDE639C97/CTA.app/www/index.html
2014-02-09 22:42:23.401 CTA[46458:a0b] Multi-tasking -> Device: YES, App: YES
2014-02-09 22:42:23.407 CTA[46458:a0b] Unlimited access to network resources
2014-02-09 22:42:23.508 CTA[46458:a0b] Resetting plugins due to page load.
2014-02-09 22:42:23.629 CTA[46458:a0b] Finished load of: file:///Users/aborche/Library/Application%20Support/iPhone%20Simulator/7.0.3/Applications/ED688E81-664F-402B-871F-2C4EDE639C97/CTA.app/www/index.html
Terminating in response to SpringBoard's termination.
2014-02-11 20:50:20.832 CTA[62580:a0b] Multi-tasking -> Device: YES, App: YES
2014-02-11 20:50:21.040 CTA[62580:a0b] Unlimited access to network resources
2014-02-11 20:50:22.430 CTA[62580:a0b] Resetting plugins due to page load.
2014-02-11 20:50:22.906 CTA[62580:a0b] Finished load of: file:///Users/aborche/Library/Application%20Support/iPhone%20Simulator/7.0.3/Applications/ED688E81-664F-402B-871F-2C4EDE639C97/CTA.app/www/index.html
2014-02-11 21:04:32.643 CTA[63954:a0b] Multi-tasking -> Device: YES, App: YES
2014-02-11 21:04:32.649 CTA[63954:a0b] Unlimited access to network resources
2014-02-11 21:04:32.749 CTA[63954:a0b] Resetting plugins due to page load.
2014-02-11 21:04:32.856 CTA[63954:a0b] Finished load of: file:///Users/aborche/Library/Application%20Support/iPhone%20Simulator/7.0.3/Applications/ED688E81-664F-402B-871F-2C4EDE639C97/CTA.app/www/index.html
2014-02-11 21:07:55.907 CTA[65258:a0b] Multi-tasking -> Device: YES, App: YES
2014-02-11 21:07:55.913 CTA[65258:a0b] Unlimited access to network resources
2014-02-11 21:07:56.024 CTA[65258:a0b] Resetting plugins due to page load.
2014-02-11 21:07:56.140 CTA[65258:a0b] Finished load of: file:///Users/aborche/Library/Application%20Support/iPhone%20Simulator/7.0.3/Applications/ED688E81-664F-402B-871F-2C4EDE639C97/CTA.app/www/index.html
2014-02-11 21:18:06.500 CTA[66721:a0b] Multi-tasking -> Device: YES, App: YES
2014-02-11 21:18:06.507 CTA[66721:a0b] Unlimited access to network resources
2014-02-11 21:18:06.617 CTA[66721:a0b] Resetting plugins due to page load.
2014-02-11 21:18:06.727 CTA[66721:a0b] Finished load of: file:///Users/aborche/Library/Application%20Support/iPhone%20Simulator/7.0.3/Applications/ED688E81-664F-402B-871F-2C4EDE639C97/CTA.app/www/index.html
2014-02-11 21:28:16.161 CTA[68443:a0b] Multi-tasking -> Device: YES, App: YES
2014-02-11 21:28:16.167 CTA[68443:a0b] Unlimited access to network resources
2014-02-11 21:28:16.258 CTA[68443:a0b] Resetting plugins due to page load.
2014-02-11 21:28:16.373 CTA[68443:a0b] Finished load of: file:///Users/aborche/Library/Application%20Support/iPhone%20Simulator/7.0.3/Applications/ED688E81-664F-402B-871F-2C4EDE639C97/CTA.app/www/index.html
2014-02-11 21:57:23.898 CTA[70409:a0b] Multi-tasking -> Device: YES, App: YES
2014-02-11 21:57:23.909 CTA[70409:a0b] Unlimited access to network resources
2014-02-11 21:57:24.004 CTA[70409:a0b] Resetting plugins due to page load.
2014-02-11 21:57:24.306 CTA[70409:a0b] Finished load of: file:///Users/aborche/Library/Application%20Support/iPhone%20Simulator/7.0.3/Applications/ED688E81-664F-402B-871F-2C4EDE639C97/CTA.app/www/index.html
2014-02-11 22:09:25.114 CTA[72145:a0b] Multi-tasking -> Device: YES, App: YES
2014-02-11 22:09:25.120 CTA[72145:a0b] Unlimited access to network resources
2014-02-11 22:09:25.239 CTA[72145:a0b] Resetting plugins due to page load.
2014-02-11 22:09:25.368 CTA[72145:a0b] Finished load of: file:///Users/aborche/Library/Application%20Support/iPhone%20Simulator/7.0.3/Applications/ED688E81-664F-402B-871F-2C4EDE639C97/CTA.app/www/index.html
2014-02-11 22:22:25.496 CTA[73880:a0b] Multi-tasking -> Device: YES, App: YES
2014-02-11 22:22:25.502 CTA[73880:a0b] Unlimited access to network resources
2014-02-11 22:22:25.613 CTA[73880:a0b] Resetting plugins due to page load.
2014-02-11 22:22:25.894 CTA[73880:a0b] Finished load of: file:///Users/aborche/Library/Application%20Support/iPhone%20Simulator/7.0.3/Applications/ED688E81-664F-402B-871F-2C4EDE639C97/CTA.app/www/index.html
2014-02-11 22:27:36.386 CTA[75541:a0b] Multi-tasking -> Device: YES, App: YES
2014-02-11 22:27:36.392 CTA[75541:a0b] Unlimited access to network resources
2014-02-11 22:27:36.487 CTA[75541:a0b] Resetting plugins due to page load.
2014-02-11 22:27:36.637 CTA[75541:a0b] Finished load of: file:///Users/aborche/Library/Application%20Support/iPhone%20Simulator/7.0.3/Applications/ED688E81-664F-402B-871F-2C4EDE639C97/CTA.app/www/index.html
